nohup: ignoring input
[[1;34mINFO[m] Scanning for projects...
[[1;34mINFO[m] 
[[1;34mINFO[m] [1m---------------------< [0;36mcom.pharmago:user-service[0;1m >----------------------[m
[[1;34mINFO[m] [1mBuilding user-service 1.0.0[m
[[1;34mINFO[m]   from pom.xml
[[1;34mINFO[m] [1m--------------------------------[ jar ]---------------------------------[m
[[1;34mINFO[m] 
[[1;34mINFO[m] [1m>>> [0;32mspring-boot:3.2.0:run[m [1m(default-cli)[0;1m > [0;1mtest-compile[m @ [36muser-service[0;1m >>>[m
[[1;33mWARNING[m] The artifact mysql:mysql-connector-java:jar:8.0.33 has been relocated to com.mysql:mysql-connector-j:jar:8.0.33: MySQL Connector/J artifacts moved to reverse-DNS compliant Maven 2+ coordinates.
[[1;34mINFO[m] 
[[1;34mINFO[m] [1m--- [0;32mresources:3.3.1:resources[m [1m(default-resources)[m @ [36muser-service[0;1m ---[m
[[1;34mINFO[m] Copying 1 resource from src/main/resources to target/classes
[[1;34mINFO[m] Copying 0 resource from src/main/resources to target/classes
[[1;34mINFO[m] 
[[1;34mINFO[m] [1m--- [0;32mcompiler:3.11.0:compile[m [1m(default-compile)[m @ [36muser-service[0;1m ---[m
[[1;34mINFO[m] Nothing to compile - all classes are up to date
[[1;34mINFO[m] 
[[1;34mINFO[m] [1m--- [0;32mresources:3.3.1:testResources[m [1m(default-testResources)[m @ [36muser-service[0;1m ---[m
[[1;34mINFO[m] skip non existing resourceDirectory /workspace/backend/user-service/src/test/resources
[[1;34mINFO[m] 
[[1;34mINFO[m] [1m--- [0;32mcompiler:3.11.0:testCompile[m [1m(default-testCompile)[m @ [36muser-service[0;1m ---[m
[[1;34mINFO[m] No sources to compile
[[1;34mINFO[m] 
[[1;34mINFO[m] [1m<<< [0;32mspring-boot:3.2.0:run[m [1m(default-cli)[0;1m < [0;1mtest-compile[m @ [36muser-service[0;1m <<<[m
[[1;34mINFO[m] 
[[1;34mINFO[m] 
[[1;34mINFO[m] [1m--- [0;32mspring-boot:3.2.0:run[m [1m(default-cli)[m @ [36muser-service[0;1m ---[m
[[1;34mINFO[m] Attaching agents: []

  .   ____          _            __ _ _
 /\\ / ___'_ __ _ _(_)_ __  __ _ \ \ \ \
( ( )\___ | '_ | '_| | '_ \/ _` | \ \ \ \
 \\/  ___)| |_)| | | | | || (_| |  ) ) ) )
  '  |____| .__|_| |_|_| |_\__, | / / / /
 =========|_|==============|___/=/_/_/_/
 :: Spring Boot ::                (v3.2.0)

2025-08-02 06:37:14 - Starting UserServiceApplication using Java 21.0.7 with PID 17348 (/workspace/backend/user-service/target/classes started by ubuntu in /workspace/backend/user-service)
2025-08-02 06:37:14 - Running with Spring Boot v3.2.0, Spring v6.1.1
2025-08-02 06:37:14 - No active profile set, falling back to 1 default profile: "default"
2025-08-02 06:37:14 - Bootstrapping Spring Data JPA repositories in DEFAULT mode.
2025-08-02 06:37:14 - Finished Spring Data repository scanning in 25 ms. Found 1 JPA repository interface.
2025-08-02 06:37:14 - Tomcat initialized with port 8081 (http)
2025-08-02 06:37:14 - Starting service [Tomcat]
2025-08-02 06:37:14 - Starting Servlet engine: [Apache Tomcat/10.1.16]
2025-08-02 06:37:14 - Initializing Spring embedded WebApplicationContext
2025-08-02 06:37:14 - Root WebApplicationContext: initialization completed in 652 ms
2025-08-02 06:37:15 - HHH000204: Processing PersistenceUnitInfo [name: default]
2025-08-02 06:37:15 - HHH000412: Hibernate ORM core version 6.3.1.Final
2025-08-02 06:37:15 - HHH000026: Second-level cache disabled
2025-08-02 06:37:15 - No LoadTimeWeaver setup: ignoring JPA class transformer
2025-08-02 06:37:15 - HikariPool-1 - Starting...
2025-08-02 06:37:15 - HikariPool-1 - Added connection com.mysql.cj.jdbc.ConnectionImpl@6aad919c
2025-08-02 06:37:15 - HikariPool-1 - Start completed.
2025-08-02 06:37:15 - HHH90000025: MySQLDialect does not need to be specified explicitly using 'hibernate.dialect' (remove the property setting and it will be selected by default)
2025-08-02 06:37:15 - HHH000489: No JTA platform available (set 'hibernate.transaction.jta.platform' to enable JTA platform integration)
Hibernate: 
    create table users (
        id bigint not null auto_increment,
        address varchar(255),
        city varchar(255),
        contact_number varchar(255) not null,
        created_at datetime(6),
        date_of_birth datetime(6),
        email varchar(255) not null,
        email_verification_token varchar(255),
        is_active bit,
        is_email_verified bit,
        name varchar(255) not null,
        password varchar(255) not null,
        password_reset_expires datetime(6),
        password_reset_token varchar(255),
        postal_code varchar(255),
        role enum ('CUSTOMER','ADMIN') not null,
        state varchar(255),
        updated_at datetime(6),
        primary key (id)
    ) engine=InnoDB
Hibernate: 
    alter table users 
       drop index UK_n14mnjfh0j5psw8omlegp1d68
Hibernate: 
    alter table users 
       add constraint UK_n14mnjfh0j5psw8omlegp1d68 unique (contact_number)
Hibernate: 
    alter table users 
       drop index UK_6dotkott2kjsp8vw4d0m25fb7
Hibernate: 
    alter table users 
       add constraint UK_6dotkott2kjsp8vw4d0m25fb7 unique (email)
2025-08-02 06:37:15 - Initialized JPA EntityManagerFactory for persistence unit 'default'
2025-08-02 06:37:15 - Hibernate is in classpath; If applicable, HQL parser will be used.
2025-08-02 06:37:16 - Filter 'authenticationJwtTokenFilter' configured for use
2025-08-02 06:37:16 - spring.jpa.open-in-view is enabled by default. Therefore, database queries may be performed during view rendering. Explicitly configure spring.jpa.open-in-view to disable this warning
2025-08-02 06:37:16 - Will secure any request with [org.springframework.security.web.session.DisableEncodeUrlFilter@1a60b0c4, org.springframework.security.web.context.request.async.WebAsyncManagerIntegrationFilter@48c6107a, org.springframework.security.web.context.SecurityContextHolderFilter@639ea347, org.springframework.security.web.header.HeaderWriterFilter@6b27363b, org.springframework.web.filter.CorsFilter@7ea2ce9d, org.springframework.security.web.authentication.logout.LogoutFilter@700e3b73, com.pharmago.userservice.security.AuthTokenFilter@3415d6e, org.springframework.security.web.savedrequest.RequestCacheAwareFilter@64bf60c7, org.springframework.security.web.servletapi.SecurityContextHolderAwareRequestFilter@367628c8, org.springframework.security.web.authentication.AnonymousAuthenticationFilter@7e8a0192, org.springframework.security.web.session.SessionManagementFilter@6fd458ec, org.springframework.security.web.access.ExceptionTranslationFilter@1b5496fd, org.springframework.security.web.access.intercept.AuthorizationFilter@19097fa5]
2025-08-02 06:37:16 - Tomcat started on port 8081 (http) with context path ''
2025-08-02 06:37:16 - Started UserServiceApplication in 2.573 seconds (process running for 2.734)
2025-08-02 06:37:37 - Initializing Spring DispatcherServlet 'dispatcherServlet'
2025-08-02 06:37:37 - Initializing Servlet 'dispatcherServlet'
2025-08-02 06:37:37 - Completed initialization in 1 ms
2025-08-02 06:37:37 - Securing GET /actuator/health
2025-08-02 06:37:37 - Cache miss for REQUEST dispatch to '/actuator/health' (previous null). Performing CorsConfiguration lookup. This is logged once only at WARN level, and every time at TRACE.
2025-08-02 06:37:37 - Set SecurityContextHolder to anonymous SecurityContext
2025-08-02 06:37:37 - Cache miss for REQUEST dispatch to '/actuator/health' (previous null). Performing MatchableHandlerMapping lookup. This is logged once only at WARN level, and every time at TRACE.
2025-08-02 06:37:37 - Secured GET /actuator/health
2025-08-02 06:37:41 - Securing GET /api/auth/
2025-08-02 06:37:41 - Set SecurityContextHolder to anonymous SecurityContext
2025-08-02 06:37:41 - Secured GET /api/auth/
2025-08-02 06:37:47 - Securing POST /api/auth/signup
2025-08-02 06:37:47 - Set SecurityContextHolder to anonymous SecurityContext
2025-08-02 06:37:47 - Secured POST /api/auth/signup
2025-08-02 06:37:53 - Securing POST /api/auth/signup
2025-08-02 06:37:53 - Set SecurityContextHolder to anonymous SecurityContext
2025-08-02 06:37:53 - Secured POST /api/auth/signup
Hibernate: 
    select
        u1_0.id 
    from
        users u1_0 
    where
        u1_0.email=? 
    limit
        ?
Hibernate: 
    select
        u1_0.id 
    from
        users u1_0 
    where
        u1_0.contact_number=? 
    limit
        ?
Hibernate: 
    insert 
    into
        users
        (address, city, contact_number, created_at, date_of_birth, email, email_verification_token, is_active, is_email_verified, name, password, password_reset_expires, password_reset_token, postal_code, role, state, updated_at) 
    values
        (?, ?, ?, ?, ?, ?, ?, ?, ?, ?, ?, ?, ?, ?, ?, ?, ?)
Failed to send verification email: Authentication failed
2025-08-02 06:38:04 - Securing POST /api/auth/signup
2025-08-02 06:38:04 - Set SecurityContextHolder to anonymous SecurityContext
2025-08-02 06:38:04 - Secured POST /api/auth/signup
Hibernate: 
    select
        u1_0.id 
    from
        users u1_0 
    where
        u1_0.email=? 
    limit
        ?
Hibernate: 
    select
        u1_0.id 
    from
        users u1_0 
    where
        u1_0.contact_number=? 
    limit
        ?
2025-08-02 06:38:09 - Securing POST /api/auth/signup
2025-08-02 06:38:09 - Set SecurityContextHolder to anonymous SecurityContext
2025-08-02 06:38:09 - Secured POST /api/auth/signup
Hibernate: 
    select
        u1_0.id 
    from
        users u1_0 
    where
        u1_0.email=? 
    limit
        ?
Hibernate: 
    select
        u1_0.id 
    from
        users u1_0 
    where
        u1_0.contact_number=? 
    limit
        ?
Hibernate: 
    insert 
    into
        users
        (address, city, contact_number, created_at, date_of_birth, email, email_verification_token, is_active, is_email_verified, name, password, password_reset_expires, password_reset_token, postal_code, role, state, updated_at) 
    values
        (?, ?, ?, ?, ?, ?, ?, ?, ?, ?, ?, ?, ?, ?, ?, ?, ?)
Failed to send verification email: Authentication failed
2025-08-02 06:38:46 - Securing POST /api/auth/signin
2025-08-02 06:38:46 - Set SecurityContextHolder to anonymous SecurityContext
2025-08-02 06:38:46 - Secured POST /api/auth/signin
2025-08-02 06:39:45 - Securing GET /api/auth/signin
2025-08-02 06:39:45 - Set SecurityContextHolder to anonymous SecurityContext
2025-08-02 06:39:45 - Secured GET /api/auth/signin
2025-08-02 06:39:45 - Securing POST /api/auth/signup
2025-08-02 06:39:45 - Set SecurityContextHolder to anonymous SecurityContext
2025-08-02 06:39:45 - Secured POST /api/auth/signup
Hibernate: 
    select
        u1_0.id 
    from
        users u1_0 
    where
        u1_0.email=? 
    limit
        ?
Hibernate: 
    select
        u1_0.id 
    from
        users u1_0 
    where
        u1_0.contact_number=? 
    limit
        ?
Hibernate: 
    insert 
    into
        users
        (address, city, contact_number, created_at, date_of_birth, email, email_verification_token, is_active, is_email_verified, name, password, password_reset_expires, password_reset_token, postal_code, role, state, updated_at) 
    values
        (?, ?, ?, ?, ?, ?, ?, ?, ?, ?, ?, ?, ?, ?, ?, ?, ?)
Failed to send verification email: Authentication failed
